[ 2017-08-01T02:12:09+08:00 ] ::1 /tp-wechat/
INFO: [ app_init ] --START--
INFO: Run Behavior\BuildLiteBehavior [ RunTime:0.001001s ]
INFO: [ app_init ] --END-- [ RunTime:0.107006s ]
INFO: [ app_begin ] --START--
INFO: Run Behavior\ReadHtmlCacheBehavior [ RunTime:0.037002s ]
INFO: [ app_begin ] --END-- [ RunTime:0.037002s ]
NOTIC: [8] Undefined index: signature E:\www\tp-wechat\Application\Home\Controller\IndexController.class.php 第 9 行.
NOTIC: [8] Undefined index: timestamp E:\www\tp-wechat\Application\Home\Controller\IndexController.class.php 第 10 行.
NOTIC: [8] Undefined index: nonce E:\www\tp-wechat\Application\Home\Controller\IndexController.class.php 第 11 行.
NOTIC: [8] Undefined index: echostr E:\www\tp-wechat\Application\Home\Controller\IndexController.class.php 第 12 行.
INFO: [ app_end ] --START--
INFO: Run Behavior\ShowPageTraceBehavior [ RunTime:0.035002s ]
INFO: [ app_end ] --END-- [ RunTime:0.036002s ]

[ 2017-08-01T02:13:07+08:00 ] ::1 /tp-wechat/
INFO: [ app_init ] --START--
INFO: Run Behavior\BuildLiteBehavior [ RunTime:0.000000s ]
INFO: [ app_init ] --END-- [ RunTime:0.008000s ]
INFO: [ app_begin ] --START--
INFO: Run Behavior\ReadHtmlCacheBehavior [ RunTime:0.001000s ]
INFO: [ app_begin ] --END-- [ RunTime:0.002001s ]

[ 2017-08-01T02:13:27+08:00 ] ::1 /tp-wechat/
INFO: [ app_init ] --START--
INFO: Run Behavior\BuildLiteBehavior [ RunTime:0.001000s ]
INFO: [ app_init ] --END-- [ RunTime:0.002000s ]
INFO: [ app_begin ] --START--
INFO: Run Behavior\ReadHtmlCacheBehavior [ RunTime:0.002000s ]
INFO: [ app_begin ] --END-- [ RunTime:0.002000s ]

[ 2017-08-01T02:17:43+08:00 ] ::1 /tp-wechat/
INFO: [ app_init ] --START--
INFO: Run Behavior\BuildLiteBehavior [ RunTime:0.000000s ]
INFO: [ app_init ] --END-- [ RunTime:0.001000s ]
INFO: [ app_begin ] --START--
INFO: Run Behavior\ReadHtmlCacheBehavior [ RunTime:0.001000s ]
INFO: [ app_begin ] --END-- [ RunTime:0.001000s ]

[ 2017-08-01T02:19:08+08:00 ] ::1 /tp-wechat/
INFO: [ app_init ] --START--
INFO: Run Behavior\BuildLiteBehavior [ RunTime:0.000000s ]
INFO: [ app_init ] --END-- [ RunTime:0.001000s ]
INFO: [ app_begin ] --START--
INFO: Run Behavior\ReadHtmlCacheBehavior [ RunTime:0.001000s ]
INFO: [ app_begin ] --END-- [ RunTime:0.001000s ]
NOTIC: [2] include(E:\www\tp-wechat\Application\Home\Controller/vendor/autoload.php): failed to open stream: No such file or directory E:\www\tp-wechat\Application\Home\Controller\IndexController.class.php 第 4 行.
NOTIC: [2] include(): Failed opening 'E:\www\tp-wechat\Application\Home\Controller/vendor/autoload.php' for inclusion (include_path='.;C:\php\pear') E:\www\tp-wechat\Application\Home\Controller\IndexController.class.php 第 4 行.

[ 2017-08-01T02:19:09+08:00 ] ::1 /tp-wechat/
INFO: [ app_init ] --START--
INFO: Run Behavior\BuildLiteBehavior [ RunTime:0.000000s ]
INFO: [ app_init ] --END-- [ RunTime:0.001000s ]
INFO: [ app_begin ] --START--
INFO: Run Behavior\ReadHtmlCacheBehavior [ RunTime:0.001000s ]
INFO: [ app_begin ] --END-- [ RunTime:0.001000s ]
NOTIC: [2] include(E:\www\tp-wechat\Application\Home\Controller/vendor/autoload.php): failed to open stream: No such file or directory E:\www\tp-wechat\Application\Home\Controller\IndexController.class.php 第 4 行.
NOTIC: [2] include(): Failed opening 'E:\www\tp-wechat\Application\Home\Controller/vendor/autoload.php' for inclusion (include_path='.;C:\php\pear') E:\www\tp-wechat\Application\Home\Controller\IndexController.class.php 第 4 行.

[ 2017-08-01T02:19:10+08:00 ] ::1 /tp-wechat/
INFO: [ app_init ] --START--
INFO: Run Behavior\BuildLiteBehavior [ RunTime:0.000000s ]
INFO: [ app_init ] --END-- [ RunTime:0.001001s ]
INFO: [ app_begin ] --START--
INFO: Run Behavior\ReadHtmlCacheBehavior [ RunTime:0.001000s ]
INFO: [ app_begin ] --END-- [ RunTime:0.001000s ]
NOTIC: [2] include(E:\www\tp-wechat\Application\Home\Controller/vendor/autoload.php): failed to open stream: No such file or directory E:\www\tp-wechat\Application\Home\Controller\IndexController.class.php 第 4 行.
NOTIC: [2] include(): Failed opening 'E:\www\tp-wechat\Application\Home\Controller/vendor/autoload.php' for inclusion (include_path='.;C:\php\pear') E:\www\tp-wechat\Application\Home\Controller\IndexController.class.php 第 4 行.

[ 2017-08-01T02:25:10+08:00 ] ::1 /tp-wechat/
INFO: [ app_init ] --START--
INFO: Run Behavior\BuildLiteBehavior [ RunTime:0.000000s ]
INFO: [ app_init ] --END-- [ RunTime:0.001000s ]
INFO: [ app_begin ] --START--
INFO: Run Behavior\ReadHtmlCacheBehavior [ RunTime:0.001000s ]
INFO: [ app_begin ] --END-- [ RunTime:0.002000s ]

[ 2017-08-01T02:25:11+08:00 ] ::1 /tp-wechat/
INFO: [ app_init ] --START--
INFO: Run Behavior\BuildLiteBehavior [ RunTime:0.000000s ]
INFO: [ app_init ] --END-- [ RunTime:0.002000s ]
INFO: [ app_begin ] --START--
INFO: Run Behavior\ReadHtmlCacheBehavior [ RunTime:0.001000s ]
INFO: [ app_begin ] --END-- [ RunTime:0.001000s ]

[ 2017-08-01T02:25:20+08:00 ] 127.0.0.1 /
INFO: [ app_init ] --START--
INFO: Run Behavior\BuildLiteBehavior [ RunTime:0.000000s ]
INFO: [ app_init ] --END-- [ RunTime:0.001000s ]
INFO: [ app_begin ] --START--
INFO: Run Behavior\ReadHtmlCacheBehavior [ RunTime:0.001000s ]
INFO: [ app_begin ] --END-- [ RunTime:0.001000s ]

[ 2017-08-01T02:25:20+08:00 ] 127.0.0.1 /favicon.ico
INFO: [ app_init ] --START--
INFO: Run Behavior\BuildLiteBehavior [ RunTime:0.000000s ]
INFO: [ app_init ] --END-- [ RunTime:0.001000s ]

[ 2017-08-01T02:25:41+08:00 ] 127.0.0.1 /
INFO: [ app_init ] --START--
INFO: Run Behavior\BuildLiteBehavior [ RunTime:0.000000s ]
INFO: [ app_init ] --END-- [ RunTime:0.001000s ]
INFO: [ app_begin ] --START--
INFO: Run Behavior\ReadHtmlCacheBehavior [ RunTime:0.001000s ]
INFO: [ app_begin ] --END-- [ RunTime:0.002000s ]
NOTIC: [8] Undefined variable: app E:\www\tp-wechat\Application\Home\Controller\IndexController.class.php 第 25 行.
NOTIC: [8] Undefined index: signature E:\www\tp-wechat\Application\Home\Controller\IndexController.class.php 第 26 行.
NOTIC: [8] Undefined index: timestamp E:\www\tp-wechat\Application\Home\Controller\IndexController.class.php 第 27 行.
NOTIC: [8] Undefined index: nonce E:\www\tp-wechat\Application\Home\Controller\IndexController.class.php 第 28 行.
NOTIC: [8] Undefined index: echostr E:\www\tp-wechat\Application\Home\Controller\IndexController.class.php 第 29 行.
INFO: [ app_end ] --START--
INFO: Run Behavior\ShowPageTraceBehavior [ RunTime:0.001000s ]
INFO: [ app_end ] --END-- [ RunTime:0.001000s ]

[ 2017-08-01T02:25:43+08:00 ] 127.0.0.1 /
INFO: [ app_init ] --START--
INFO: Run Behavior\BuildLiteBehavior [ RunTime:0.000000s ]
INFO: [ app_init ] --END-- [ RunTime:0.001000s ]
INFO: [ app_begin ] --START--
INFO: Run Behavior\ReadHtmlCacheBehavior [ RunTime:0.001000s ]
INFO: [ app_begin ] --END-- [ RunTime:0.001000s ]
NOTIC: [8] Undefined variable: app E:\www\tp-wechat\Application\Home\Controller\IndexController.class.php 第 25 行.
NOTIC: [8] Undefined index: signature E:\www\tp-wechat\Application\Home\Controller\IndexController.class.php 第 26 行.
NOTIC: [8] Undefined index: timestamp E:\www\tp-wechat\Application\Home\Controller\IndexController.class.php 第 27 行.
NOTIC: [8] Undefined index: nonce E:\www\tp-wechat\Application\Home\Controller\IndexController.class.php 第 28 行.
NOTIC: [8] Undefined index: echostr E:\www\tp-wechat\Application\Home\Controller\IndexController.class.php 第 29 行.
INFO: [ app_end ] --START--
INFO: Run Behavior\ShowPageTraceBehavior [ RunTime:0.002000s ]
INFO: [ app_end ] --END-- [ RunTime:0.002000s ]

[ 2017-08-01T02:25:52+08:00 ] 127.0.0.1 /
INFO: [ app_init ] --START--
INFO: Run Behavior\BuildLiteBehavior [ RunTime:0.001000s ]
INFO: [ app_init ] --END-- [ RunTime:0.002001s ]
INFO: [ app_begin ] --START--
INFO: Run Behavior\ReadHtmlCacheBehavior [ RunTime:0.002000s ]
INFO: [ app_begin ] --END-- [ RunTime:0.002000s ]
NOTIC: [8] Undefined index: signature E:\www\tp-wechat\Application\Home\Controller\IndexController.class.php 第 26 行.
NOTIC: [8] Undefined index: timestamp E:\www\tp-wechat\Application\Home\Controller\IndexController.class.php 第 27 行.
NOTIC: [8] Undefined index: nonce E:\www\tp-wechat\Application\Home\Controller\IndexController.class.php 第 28 行.
NOTIC: [8] Undefined index: echostr E:\www\tp-wechat\Application\Home\Controller\IndexController.class.php 第 29 行.
INFO: [ app_end ] --START--
INFO: Run Behavior\ShowPageTraceBehavior [ RunTime:0.001000s ]
INFO: [ app_end ] --END-- [ RunTime:0.001000s ]

[ 2017-08-01T02:34:43+08:00 ] 127.0.0.1 /
INFO: [ app_init ] --START--
INFO: Run Behavior\BuildLiteBehavior [ RunTime:0.000000s ]
INFO: [ app_init ] --END-- [ RunTime:0.001000s ]
INFO: [ app_begin ] --START--
INFO: Run Behavior\ReadHtmlCacheBehavior [ RunTime:0.001000s ]
INFO: [ app_begin ] --END-- [ RunTime:0.002000s ]

[ 2017-08-01T02:37:21+08:00 ] 127.0.0.1 /
INFO: [ app_init ] --START--
INFO: Run Behavior\BuildLiteBehavior [ RunTime:0.001000s ]
INFO: [ app_init ] --END-- [ RunTime:0.001000s ]
INFO: [ app_begin ] --START--
INFO: Run Behavior\ReadHtmlCacheBehavior [ RunTime:0.002000s ]
INFO: [ app_begin ] --END-- [ RunTime:0.002000s ]

[ 2017-08-01T02:39:50+08:00 ] 127.0.0.1 /
INFO: [ app_init ] --START--
INFO: Run Behavior\BuildLiteBehavior [ RunTime:0.000000s ]
INFO: [ app_init ] --END-- [ RunTime:0.002000s ]
INFO: [ app_begin ] --START--
INFO: Run Behavior\ReadHtmlCacheBehavior [ RunTime:0.001001s ]
INFO: [ app_begin ] --END-- [ RunTime:0.002001s ]

[ 2017-08-01T02:39:51+08:00 ] 127.0.0.1 /
INFO: [ app_init ] --START--
INFO: Run Behavior\BuildLiteBehavior [ RunTime:0.000000s ]
INFO: [ app_init ] --END-- [ RunTime:0.001000s ]
INFO: [ app_begin ] --START--
INFO: Run Behavior\ReadHtmlCacheBehavior [ RunTime:0.001000s ]
INFO: [ app_begin ] --END-- [ RunTime:0.001000s ]

[ 2017-08-01T02:39:51+08:00 ] 127.0.0.1 /
INFO: [ app_init ] --START--
INFO: Run Behavior\BuildLiteBehavior [ RunTime:0.000000s ]
INFO: [ app_init ] --END-- [ RunTime:0.001000s ]
INFO: [ app_begin ] --START--
INFO: Run Behavior\ReadHtmlCacheBehavior [ RunTime:0.002000s ]
INFO: [ app_begin ] --END-- [ RunTime:0.003000s ]

[ 2017-08-01T02:40:30+08:00 ] 127.0.0.1 /
INFO: [ app_init ] --START--
INFO: Run Behavior\BuildLiteBehavior [ RunTime:0.000000s ]
INFO: [ app_init ] --END-- [ RunTime:0.057003s ]
INFO: [ app_begin ] --START--
INFO: Run Behavior\ReadHtmlCacheBehavior [ RunTime:0.002000s ]
INFO: [ app_begin ] --END-- [ RunTime:0.002000s ]
ERR: Class 'EasyWeChat\Foundation\Application' not found

[ 2017-08-01T02:40:32+08:00 ] 127.0.0.1 /
INFO: [ app_init ] --START--
INFO: Run Behavior\BuildLiteBehavior [ RunTime:0.000000s ]
INFO: [ app_init ] --END-- [ RunTime:0.001000s ]
INFO: [ app_begin ] --START--
INFO: Run Behavior\ReadHtmlCacheBehavior [ RunTime:0.001000s ]
INFO: [ app_begin ] --END-- [ RunTime:0.001000s ]
ERR: Class 'EasyWeChat\Foundation\Application' not found

[ 2017-08-01T02:40:34+08:00 ] 127.0.0.1 /
INFO: [ app_init ] --START--
INFO: Run Behavior\BuildLiteBehavior [ RunTime:0.000000s ]
INFO: [ app_init ] --END-- [ RunTime:0.001000s ]
INFO: [ app_begin ] --START--
INFO: Run Behavior\ReadHtmlCacheBehavior [ RunTime:0.001000s ]
INFO: [ app_begin ] --END-- [ RunTime:0.001000s ]
ERR: Class 'EasyWeChat\Foundation\Application' not found

[ 2017-08-01T02:40:40+08:00 ] 127.0.0.1 /
INFO: [ app_init ] --START--
INFO: Run Behavior\BuildLiteBehavior [ RunTime:0.000000s ]
INFO: [ app_init ] --END-- [ RunTime:0.001000s ]
INFO: [ app_begin ] --START--
INFO: Run Behavior\ReadHtmlCacheBehavior [ RunTime:0.001000s ]
INFO: [ app_begin ] --END-- [ RunTime:0.002000s ]
ERR: Class 'EasyWeChat\Foundation\Application' not found

[ 2017-08-01T02:42:51+08:00 ] 127.0.0.1 /
INFO: [ app_init ] --START--
INFO: Run Behavior\BuildLiteBehavior [ RunTime:0.000000s ]
INFO: [ app_init ] --END-- [ RunTime:0.001000s ]
INFO: [ app_begin ] --START--
INFO: Run Behavior\ReadHtmlCacheBehavior [ RunTime:0.001000s ]
INFO: [ app_begin ] --END-- [ RunTime:0.001000s ]
ERR: Class 'EasyWeChat\Foundation\Application' not found

[ 2017-08-01T02:42:53+08:00 ] 127.0.0.1 /
INFO: [ app_init ] --START--
INFO: Run Behavior\BuildLiteBehavior [ RunTime:0.000000s ]
INFO: [ app_init ] --END-- [ RunTime:0.001000s ]
INFO: [ app_begin ] --START--
INFO: Run Behavior\ReadHtmlCacheBehavior [ RunTime:0.002000s ]
INFO: [ app_begin ] --END-- [ RunTime:0.002000s ]
ERR: Class 'EasyWeChat\Foundation\Application' not found

[ 2017-08-01T02:42:53+08:00 ] 127.0.0.1 /
INFO: [ app_init ] --START--
INFO: Run Behavior\BuildLiteBehavior [ RunTime:0.000000s ]
INFO: [ app_init ] --END-- [ RunTime:0.001000s ]
INFO: [ app_begin ] --START--
INFO: Run Behavior\ReadHtmlCacheBehavior [ RunTime:0.001000s ]
INFO: [ app_begin ] --END-- [ RunTime:0.001000s ]
ERR: Class 'EasyWeChat\Foundation\Application' not found

[ 2017-08-01T02:45:06+08:00 ] 127.0.0.1 /
INFO: [ app_init ] --START--
INFO: Run Behavior\BuildLiteBehavior [ RunTime:0.000000s ]
INFO: [ app_init ] --END-- [ RunTime:0.001000s ]
INFO: [ app_begin ] --START--
INFO: Run Behavior\ReadHtmlCacheBehavior [ RunTime:0.001000s ]
INFO: [ app_begin ] --END-- [ RunTime:0.001000s ]
NOTIC: [8] Use of undefined constant CURLOPT_IPRESOLVE - assumed 'CURLOPT_IPRESOLVE' E:\www\tp-wechat\vendor\overtrue\wechat\src\Core\Http.php 第 74 行.
NOTIC: [8] Use of undefined constant CURL_IPRESOLVE_V4 - assumed 'CURL_IPRESOLVE_V4' E:\www\tp-wechat\vendor\overtrue\wechat\src\Core\Http.php 第 74 行.
NOTIC: [8] Undefined index: signature E:\www\tp-wechat\Application\Home\Controller\IndexController.class.php 第 26 行.
NOTIC: [8] Undefined index: timestamp E:\www\tp-wechat\Application\Home\Controller\IndexController.class.php 第 27 行.
NOTIC: [8] Undefined index: nonce E:\www\tp-wechat\Application\Home\Controller\IndexController.class.php 第 28 行.
NOTIC: [8] Undefined index: echostr E:\www\tp-wechat\Application\Home\Controller\IndexController.class.php 第 29 行.
INFO: [ app_end ] --START--
INFO: Run Behavior\ShowPageTraceBehavior [ RunTime:0.001000s ]
INFO: [ app_end ] --END-- [ RunTime:0.002000s ]

[ 2017-08-01T02:45:19+08:00 ] 127.0.0.1 /
INFO: [ app_init ] --START--
INFO: Run Behavior\BuildLiteBehavior [ RunTime:0.000000s ]
INFO: [ app_init ] --END-- [ RunTime:0.001000s ]
INFO: [ app_begin ] --START--
INFO: Run Behavior\ReadHtmlCacheBehavior [ RunTime:0.000000s ]
INFO: [ app_begin ] --END-- [ RunTime:0.000000s ]
NOTIC: [8] Use of undefined constant CURLOPT_IPRESOLVE - assumed 'CURLOPT_IPRESOLVE' E:\www\tp-wechat\vendor\overtrue\wechat\src\Core\Http.php 第 74 行.
NOTIC: [8] Use of undefined constant CURL_IPRESOLVE_V4 - assumed 'CURL_IPRESOLVE_V4' E:\www\tp-wechat\vendor\overtrue\wechat\src\Core\Http.php 第 74 行.
NOTIC: [8] Undefined index: signature E:\www\tp-wechat\Application\Home\Controller\IndexController.class.php 第 26 行.
NOTIC: [8] Undefined index: timestamp E:\www\tp-wechat\Application\Home\Controller\IndexController.class.php 第 27 行.
NOTIC: [8] Undefined index: nonce E:\www\tp-wechat\Application\Home\Controller\IndexController.class.php 第 28 行.
NOTIC: [8] Undefined index: echostr E:\www\tp-wechat\Application\Home\Controller\IndexController.class.php 第 29 行.
INFO: [ app_end ] --START--
INFO: Run Behavior\ShowPageTraceBehavior [ RunTime:0.002000s ]
INFO: [ app_end ] --END-- [ RunTime:0.002000s ]

[ 2017-08-01T02:48:22+08:00 ] 127.0.0.1 /
INFO: [ app_init ] --START--
INFO: Run Behavior\BuildLiteBehavior [ RunTime:0.000000s ]
INFO: [ app_init ] --END-- [ RunTime:0.001000s ]
INFO: [ app_begin ] --START--
INFO: Run Behavior\ReadHtmlCacheBehavior [ RunTime:0.001000s ]
INFO: [ app_begin ] --END-- [ RunTime:0.001000s ]
NOTIC: [8] Use of undefined constant CURLOPT_IPRESOLVE - assumed 'CURLOPT_IPRESOLVE' E:\www\tp-wechat\vendor\overtrue\wechat\src\Core\Http.php 第 74 行.
NOTIC: [8] Use of undefined constant CURL_IPRESOLVE_V4 - assumed 'CURL_IPRESOLVE_V4' E:\www\tp-wechat\vendor\overtrue\wechat\src\Core\Http.php 第 74 行.
NOTIC: [8] Undefined index: signature E:\www\tp-wechat\Application\Home\Controller\IndexController.class.php 第 26 行.
NOTIC: [8] Undefined index: timestamp E:\www\tp-wechat\Application\Home\Controller\IndexController.class.php 第 27 行.
NOTIC: [8] Undefined index: nonce E:\www\tp-wechat\Application\Home\Controller\IndexController.class.php 第 28 行.
NOTIC: [8] Undefined index: echostr E:\www\tp-wechat\Application\Home\Controller\IndexController.class.php 第 29 行.
INFO: [ app_end ] --START--
INFO: Run Behavior\ShowPageTraceBehavior [ RunTime:0.001000s ]
INFO: [ app_end ] --END-- [ RunTime:0.001000s ]

[ 2017-08-01T03:00:03+08:00 ] 127.0.0.1 /
INFO: [ app_init ] --START--
INFO: Run Behavior\BuildLiteBehavior [ RunTime:0.000000s ]
INFO: [ app_init ] --END-- [ RunTime:0.001000s ]
INFO: [ app_begin ] --START--
INFO: Run Behavior\ReadHtmlCacheBehavior [ RunTime:0.002000s ]
INFO: [ app_begin ] --END-- [ RunTime:0.002000s ]
NOTIC: [8] Use of undefined constant CURLOPT_IPRESOLVE - assumed 'CURLOPT_IPRESOLVE' E:\www\tp-wechat\vendor\overtrue\wechat\src\Core\Http.php 第 74 行.
NOTIC: [8] Use of undefined constant CURL_IPRESOLVE_V4 - assumed 'CURL_IPRESOLVE_V4' E:\www\tp-wechat\vendor\overtrue\wechat\src\Core\Http.php 第 74 行.
NOTIC: [8] Undefined index: signature E:\www\tp-wechat\Application\Home\Controller\IndexController.class.php 第 27 行.
NOTIC: [8] Undefined index: timestamp E:\www\tp-wechat\Application\Home\Controller\IndexController.class.php 第 28 行.
NOTIC: [8] Undefined index: nonce E:\www\tp-wechat\Application\Home\Controller\IndexController.class.php 第 29 行.
NOTIC: [8] Undefined index: echostr E:\www\tp-wechat\Application\Home\Controller\IndexController.class.php 第 30 行.
INFO: [ app_end ] --START--
INFO: Run Behavior\ShowPageTraceBehavior [ RunTime:0.001000s ]
INFO: [ app_end ] --END-- [ RunTime:0.001000s ]

[ 2017-08-01T14:22:04+08:00 ] 127.0.0.1 /
INFO: [ app_init ] --START--
INFO: Run Behavior\BuildLiteBehavior [ RunTime:0.000000s ]
INFO: [ app_init ] --END-- [ RunTime:0.019001s ]
INFO: [ app_begin ] --START--
INFO: Run Behavior\ReadHtmlCacheBehavior [ RunTime:0.013000s ]
INFO: [ app_begin ] --END-- [ RunTime:0.013000s ]
ERR: Undefined class constant 'MYSQL_ATTR_INIT_COMMAND'

[ 2017-08-01T14:22:05+08:00 ] 127.0.0.1 /favicon.ico
INFO: [ app_init ] --START--
INFO: Run Behavior\BuildLiteBehavior [ RunTime:0.000000s ]
INFO: [ app_init ] --END-- [ RunTime:0.002000s ]

[ 2017-08-01T14:24:41+08:00 ] 127.0.0.1 /
INFO: [ app_init ] --START--
INFO: Run Behavior\BuildLiteBehavior [ RunTime:0.000000s ]
INFO: [ app_init ] --END-- [ RunTime:0.001000s ]
INFO: [ app_begin ] --START--
INFO: Run Behavior\ReadHtmlCacheBehavior [ RunTime:0.001000s ]
INFO: [ app_begin ] --END-- [ RunTime:0.001000s ]
ERR: Undefined class constant 'MYSQL_ATTR_INIT_COMMAND'

[ 2017-08-01T14:24:42+08:00 ] 127.0.0.1 /
INFO: [ app_init ] --START--
INFO: Run Behavior\BuildLiteBehavior [ RunTime:0.000000s ]
INFO: [ app_init ] --END-- [ RunTime:0.001000s ]
INFO: [ app_begin ] --START--
INFO: Run Behavior\ReadHtmlCacheBehavior [ RunTime:0.001000s ]
INFO: [ app_begin ] --END-- [ RunTime:0.001000s ]
ERR: Undefined class constant 'MYSQL_ATTR_INIT_COMMAND'

[ 2017-08-01T14:24:44+08:00 ] 127.0.0.1 /
INFO: [ app_init ] --START--
INFO: Run Behavior\BuildLiteBehavior [ RunTime:0.000000s ]
INFO: [ app_init ] --END-- [ RunTime:0.002000s ]
INFO: [ app_begin ] --START--
INFO: Run Behavior\ReadHtmlCacheBehavior [ RunTime:0.001000s ]
INFO: [ app_begin ] --END-- [ RunTime:0.002000s ]
ERR: Undefined class constant 'MYSQL_ATTR_INIT_COMMAND'

[ 2017-08-01T14:24:44+08:00 ] 127.0.0.1 /
INFO: [ app_init ] --START--
INFO: Run Behavior\BuildLiteBehavior [ RunTime:0.000000s ]
INFO: [ app_init ] --END-- [ RunTime:0.001000s ]
INFO: [ app_begin ] --START--
INFO: Run Behavior\ReadHtmlCacheBehavior [ RunTime:0.000000s ]
INFO: [ app_begin ] --END-- [ RunTime:0.000000s ]
ERR: Undefined class constant 'MYSQL_ATTR_INIT_COMMAND'

[ 2017-08-01T14:25:26+08:00 ] 127.0.0.1 /
INFO: [ app_init ] --START--
INFO: Run Behavior\BuildLiteBehavior [ RunTime:0.000000s ]
INFO: [ app_init ] --END-- [ RunTime:0.066003s ]
INFO: [ app_begin ] --START--
INFO: Run Behavior\ReadHtmlCacheBehavior [ RunTime:0.003000s ]
INFO: [ app_begin ] --END-- [ RunTime:0.003000s ]
ERR: 1146:Table 'tp-wechat.text' doesn't exist
 [ SQL语句 ] : SHOW COLUMNS FROM `text`
ERR: 1146:Table 'tp-wechat.text' doesn't exist
 [ SQL语句 ] : SHOW COLUMNS FROM `text`

[ 2017-08-01T14:25:45+08:00 ] 127.0.0.1 /
INFO: [ app_init ] --START--
INFO: Run Behavior\BuildLiteBehavior [ RunTime:0.000000s ]
INFO: [ app_init ] --END-- [ RunTime:0.001000s ]
INFO: [ app_begin ] --START--
INFO: Run Behavior\ReadHtmlCacheBehavior [ RunTime:0.002000s ]
INFO: [ app_begin ] --END-- [ RunTime:0.002000s ]
SQL: SHOW COLUMNS FROM `reply` [ RunTime:0.0020s ]
ERR: 1054:Unknown column 'asa' in 'where clause'
 [ SQL语句 ] : SELECT * FROM `reply` WHERE ( keywords = asa ) LIMIT 1  
ERR: 1054:Unknown column 'asa' in 'where clause'
 [ SQL语句 ] : SELECT * FROM `reply` WHERE ( keywords = asa ) LIMIT 1  

[ 2017-08-01T14:26:51+08:00 ] 127.0.0.1 /
INFO: [ app_init ] --START--
INFO: Run Behavior\BuildLiteBehavior [ RunTime:0.000000s ]
INFO: [ app_init ] --END-- [ RunTime:0.001000s ]
INFO: [ app_begin ] --START--
INFO: Run Behavior\ReadHtmlCacheBehavior [ RunTime:0.001000s ]
INFO: [ app_begin ] --END-- [ RunTime:0.001000s ]
SQL: SHOW COLUMNS FROM `reply` [ RunTime:0.0020s ]
ERR: 1054:Unknown column 'asa' in 'where clause'
 [ SQL语句 ] : SELECT * FROM `reply` WHERE ( keywords = asa ) LIMIT 1  
ERR: 1054:Unknown column 'asa' in 'where clause'
 [ SQL语句 ] : SELECT * FROM `reply` WHERE ( keywords = asa ) LIMIT 1  

[ 2017-08-01T14:28:37+08:00 ] 127.0.0.1 /
INFO: [ app_init ] --START--
INFO: Run Behavior\BuildLiteBehavior [ RunTime:0.001000s ]
INFO: [ app_init ] --END-- [ RunTime:0.002000s ]
INFO: [ app_begin ] --START--
INFO: Run Behavior\ReadHtmlCacheBehavior [ RunTime:0.003001s ]
INFO: [ app_begin ] --END-- [ RunTime:0.004001s ]
SQL: SHOW COLUMNS FROM `reply` [ RunTime:0.0020s ]
ERR: 1054:Unknown column 'asa' in 'where clause'
 [ SQL语句 ] : SELECT * FROM `reply` WHERE ( keywords = asa ) LIMIT 1  
ERR: 1054:Unknown column 'asa' in 'where clause'
 [ SQL语句 ] : SELECT * FROM `reply` WHERE ( keywords = asa ) LIMIT 1  

[ 2017-08-01T14:28:38+08:00 ] 127.0.0.1 /
INFO: [ app_init ] --START--
INFO: Run Behavior\BuildLiteBehavior [ RunTime:0.000000s ]
INFO: [ app_init ] --END-- [ RunTime:0.001000s ]
INFO: [ app_begin ] --START--
INFO: Run Behavior\ReadHtmlCacheBehavior [ RunTime:0.001000s ]
INFO: [ app_begin ] --END-- [ RunTime:0.001000s ]
SQL: SHOW COLUMNS FROM `reply` [ RunTime:0.0010s ]
ERR: 1054:Unknown column 'asa' in 'where clause'
 [ SQL语句 ] : SELECT * FROM `reply` WHERE ( keywords = asa ) LIMIT 1  
ERR: 1054:Unknown column 'asa' in 'where clause'
 [ SQL语句 ] : SELECT * FROM `reply` WHERE ( keywords = asa ) LIMIT 1  

[ 2017-08-01T14:28:38+08:00 ] 127.0.0.1 /
INFO: [ app_init ] --START--
INFO: Run Behavior\BuildLiteBehavior [ RunTime:0.000000s ]
INFO: [ app_init ] --END-- [ RunTime:0.002000s ]
INFO: [ app_begin ] --START--
INFO: Run Behavior\ReadHtmlCacheBehavior [ RunTime:0.002000s ]
INFO: [ app_begin ] --END-- [ RunTime:0.003000s ]
SQL: SHOW COLUMNS FROM `reply` [ RunTime:0.0020s ]
ERR: 1054:Unknown column 'asa' in 'where clause'
 [ SQL语句 ] : SELECT * FROM `reply` WHERE ( keywords = asa ) LIMIT 1  
ERR: 1054:Unknown column 'asa' in 'where clause'
 [ SQL语句 ] : SELECT * FROM `reply` WHERE ( keywords = asa ) LIMIT 1  

[ 2017-08-01T14:28:39+08:00 ] 127.0.0.1 /
INFO: [ app_init ] --START--
INFO: Run Behavior\BuildLiteBehavior [ RunTime:0.000000s ]
INFO: [ app_init ] --END-- [ RunTime:0.001000s ]
INFO: [ app_begin ] --START--
INFO: Run Behavior\ReadHtmlCacheBehavior [ RunTime:0.001000s ]
INFO: [ app_begin ] --END-- [ RunTime:0.002001s ]
SQL: SHOW COLUMNS FROM `reply` [ RunTime:0.0030s ]
ERR: 1054:Unknown column 'asa' in 'where clause'
 [ SQL语句 ] : SELECT * FROM `reply` WHERE ( keywords = asa ) LIMIT 1  
ERR: 1054:Unknown column 'asa' in 'where clause'
 [ SQL语句 ] : SELECT * FROM `reply` WHERE ( keywords = asa ) LIMIT 1  

[ 2017-08-01T14:29:09+08:00 ] 127.0.0.1 /
INFO: [ app_init ] --START--
INFO: Run Behavior\BuildLiteBehavior [ RunTime:0.000000s ]
INFO: [ app_init ] --END-- [ RunTime:0.001000s ]
INFO: [ app_begin ] --START--
INFO: Run Behavior\ReadHtmlCacheBehavior [ RunTime:0.001000s ]
INFO: [ app_begin ] --END-- [ RunTime:0.002000s ]
SQL: SHOW COLUMNS FROM `reply` [ RunTime:0.0020s ]
SQL: SELECT * FROM `reply` WHERE ( keywords = 'asa' ) LIMIT 1   [ RunTime:0.0010s ]
ERR: Invalid request.

[ 2017-08-01T14:31:23+08:00 ] 127.0.0.1 /
INFO: [ app_init ] --START--
INFO: Run Behavior\BuildLiteBehavior [ RunTime:0.000000s ]
INFO: [ app_init ] --END-- [ RunTime:0.001000s ]
INFO: [ app_begin ] --START--
INFO: Run Behavior\ReadHtmlCacheBehavior [ RunTime:0.001000s ]
INFO: [ app_begin ] --END-- [ RunTime:0.003000s ]
ERR: Invalid request.

[ 2017-08-01T14:31:24+08:00 ] 127.0.0.1 /
INFO: [ app_init ] --START--
INFO: Run Behavior\BuildLiteBehavior [ RunTime:0.000000s ]
INFO: [ app_init ] --END-- [ RunTime:0.001000s ]
INFO: [ app_begin ] --START--
INFO: Run Behavior\ReadHtmlCacheBehavior [ RunTime:0.002000s ]
INFO: [ app_begin ] --END-- [ RunTime:0.003000s ]
ERR: Invalid request.

[ 2017-08-01T14:31:25+08:00 ] 127.0.0.1 /
INFO: [ app_init ] --START--
INFO: Run Behavior\BuildLiteBehavior [ RunTime:0.000000s ]
INFO: [ app_init ] --END-- [ RunTime:0.002000s ]
INFO: [ app_begin ] --START--
INFO: Run Behavior\ReadHtmlCacheBehavior [ RunTime:0.002000s ]
INFO: [ app_begin ] --END-- [ RunTime:0.002000s ]
ERR: Invalid request.

[ 2017-08-01T14:32:22+08:00 ] 127.0.0.1 /
INFO: [ app_init ] --START--
INFO: Run Behavior\BuildLiteBehavior [ RunTime:0.000000s ]
INFO: [ app_init ] --END-- [ RunTime:0.001000s ]
INFO: [ app_begin ] --START--
INFO: Run Behavior\ReadHtmlCacheBehavior [ RunTime:0.002001s ]
INFO: [ app_begin ] --END-- [ RunTime:0.003001s ]
ERR: Invalid request.

[ 2017-08-01T14:32:23+08:00 ] 127.0.0.1 /
INFO: [ app_init ] --START--
INFO: Run Behavior\BuildLiteBehavior [ RunTime:0.001000s ]
INFO: [ app_init ] --END-- [ RunTime:0.002000s ]
INFO: [ app_begin ] --START--
INFO: Run Behavior\ReadHtmlCacheBehavior [ RunTime:0.003001s ]
INFO: [ app_begin ] --END-- [ RunTime:0.004001s ]
ERR: Invalid request.

[ 2017-08-01T14:34:44+08:00 ] 127.0.0.1 /
INFO: [ app_init ] --START--
INFO: Run Behavior\BuildLiteBehavior [ RunTime:0.000000s ]
INFO: [ app_init ] --END-- [ RunTime:0.001000s ]
INFO: [ app_begin ] --START--
INFO: Run Behavior\ReadHtmlCacheBehavior [ RunTime:0.001000s ]
INFO: [ app_begin ] --END-- [ RunTime:0.001000s ]
ERR: Invalid request.

[ 2017-08-01T14:34:57+08:00 ] 127.0.0.1 /
INFO: [ app_init ] --START--
INFO: Run Behavior\BuildLiteBehavior [ RunTime:0.000000s ]
INFO: [ app_init ] --END-- [ RunTime:0.001000s ]
INFO: [ app_begin ] --START--
INFO: Run Behavior\ReadHtmlCacheBehavior [ RunTime:0.001000s ]
INFO: [ app_begin ] --END-- [ RunTime:0.001000s ]

[ 2017-08-01T14:34:59+08:00 ] 127.0.0.1 /
INFO: [ app_init ] --START--
INFO: Run Behavior\BuildLiteBehavior [ RunTime:0.000000s ]
INFO: [ app_init ] --END-- [ RunTime:0.001000s ]
INFO: [ app_begin ] --START--
INFO: Run Behavior\ReadHtmlCacheBehavior [ RunTime:0.002000s ]
INFO: [ app_begin ] --END-- [ RunTime:0.002000s ]

[ 2017-08-01T14:35:05+08:00 ] 127.0.0.1 /
INFO: [ app_init ] --START--
INFO: Run Behavior\BuildLiteBehavior [ RunTime:0.000000s ]
INFO: [ app_init ] --END-- [ RunTime:0.001000s ]
INFO: [ app_begin ] --START--
INFO: Run Behavior\ReadHtmlCacheBehavior [ RunTime:0.002000s ]
INFO: [ app_begin ] --END-- [ RunTime:0.002000s ]
ERR: Invalid request.

[ 2017-08-01T14:35:28+08:00 ] 127.0.0.1 /
INFO: [ app_init ] --START--
INFO: Run Behavior\BuildLiteBehavior [ RunTime:0.000000s ]
INFO: [ app_init ] --END-- [ RunTime:0.001001s ]
INFO: [ app_begin ] --START--
INFO: Run Behavior\ReadHtmlCacheBehavior [ RunTime:0.001000s ]
INFO: [ app_begin ] --END-- [ RunTime:0.001000s ]
NOTIC: [8] Use of undefined constant CURLOPT_IPRESOLVE - assumed 'CURLOPT_IPRESOLVE' E:\www\tp-wechat\vendor\overtrue\wechat\src\Core\Http.php 第 74 行.
NOTIC: [8] Use of undefined constant CURL_IPRESOLVE_V4 - assumed 'CURL_IPRESOLVE_V4' E:\www\tp-wechat\vendor\overtrue\wechat\src\Core\Http.php 第 74 行.
ERR: Invalid request.

[ 2017-08-01T14:35:30+08:00 ] 127.0.0.1 /
INFO: [ app_init ] --START--
INFO: Run Behavior\BuildLiteBehavior [ RunTime:0.000000s ]
INFO: [ app_init ] --END-- [ RunTime:0.001000s ]
INFO: [ app_begin ] --START--
INFO: Run Behavior\ReadHtmlCacheBehavior [ RunTime:0.003000s ]
INFO: [ app_begin ] --END-- [ RunTime:0.003000s ]
NOTIC: [8] Use of undefined constant CURLOPT_IPRESOLVE - assumed 'CURLOPT_IPRESOLVE' E:\www\tp-wechat\vendor\overtrue\wechat\src\Core\Http.php 第 74 行.
NOTIC: [8] Use of undefined constant CURL_IPRESOLVE_V4 - assumed 'CURL_IPRESOLVE_V4' E:\www\tp-wechat\vendor\overtrue\wechat\src\Core\Http.php 第 74 行.
ERR: Invalid request.

[ 2017-08-01T14:35:31+08:00 ] 127.0.0.1 /
INFO: [ app_init ] --START--
INFO: Run Behavior\BuildLiteBehavior [ RunTime:0.000000s ]
INFO: [ app_init ] --END-- [ RunTime:0.002000s ]
INFO: [ app_begin ] --START--
INFO: Run Behavior\ReadHtmlCacheBehavior [ RunTime:0.002000s ]
INFO: [ app_begin ] --END-- [ RunTime:0.002000s ]
NOTIC: [8] Use of undefined constant CURLOPT_IPRESOLVE - assumed 'CURLOPT_IPRESOLVE' E:\www\tp-wechat\vendor\overtrue\wechat\src\Core\Http.php 第 74 行.
NOTIC: [8] Use of undefined constant CURL_IPRESOLVE_V4 - assumed 'CURL_IPRESOLVE_V4' E:\www\tp-wechat\vendor\overtrue\wechat\src\Core\Http.php 第 74 行.
ERR: Invalid request.

[ 2017-08-01T14:35:32+08:00 ] 127.0.0.1 /
INFO: [ app_init ] --START--
INFO: Run Behavior\BuildLiteBehavior [ RunTime:0.000000s ]
INFO: [ app_init ] --END-- [ RunTime:0.001000s ]
INFO: [ app_begin ] --START--
INFO: Run Behavior\ReadHtmlCacheBehavior [ RunTime:0.002000s ]
INFO: [ app_begin ] --END-- [ RunTime:0.002000s ]
NOTIC: [8] Use of undefined constant CURLOPT_IPRESOLVE - assumed 'CURLOPT_IPRESOLVE' E:\www\tp-wechat\vendor\overtrue\wechat\src\Core\Http.php 第 74 行.
NOTIC: [8] Use of undefined constant CURL_IPRESOLVE_V4 - assumed 'CURL_IPRESOLVE_V4' E:\www\tp-wechat\vendor\overtrue\wechat\src\Core\Http.php 第 74 行.
ERR: Invalid request.

[ 2017-08-01T14:35:33+08:00 ] 127.0.0.1 /
INFO: [ app_init ] --START--
INFO: Run Behavior\BuildLiteBehavior [ RunTime:0.000000s ]
INFO: [ app_init ] --END-- [ RunTime:0.001000s ]
INFO: [ app_begin ] --START--
INFO: Run Behavior\ReadHtmlCacheBehavior [ RunTime:0.001001s ]
INFO: [ app_begin ] --END-- [ RunTime:0.001001s ]
NOTIC: [8] Use of undefined constant CURLOPT_IPRESOLVE - assumed 'CURLOPT_IPRESOLVE' E:\www\tp-wechat\vendor\overtrue\wechat\src\Core\Http.php 第 74 行.
NOTIC: [8] Use of undefined constant CURL_IPRESOLVE_V4 - assumed 'CURL_IPRESOLVE_V4' E:\www\tp-wechat\vendor\overtrue\wechat\src\Core\Http.php 第 74 行.
ERR: Invalid request.

[ 2017-08-01T14:36:35+08:00 ] 127.0.0.1 /
INFO: [ app_init ] --START--
INFO: Run Behavior\BuildLiteBehavior [ RunTime:0.000000s ]
INFO: [ app_init ] --END-- [ RunTime:0.001000s ]
INFO: [ app_begin ] --START--
INFO: Run Behavior\ReadHtmlCacheBehavior [ RunTime:0.001000s ]
INFO: [ app_begin ] --END-- [ RunTime:0.001000s ]
NOTIC: [8] Use of undefined constant CURLOPT_IPRESOLVE - assumed 'CURLOPT_IPRESOLVE' E:\www\tp-wechat\vendor\overtrue\wechat\src\Core\Http.php 第 74 行.
NOTIC: [8] Use of undefined constant CURL_IPRESOLVE_V4 - assumed 'CURL_IPRESOLVE_V4' E:\www\tp-wechat\vendor\overtrue\wechat\src\Core\Http.php 第 74 行.
ERR: Invalid request.

[ 2017-08-01T14:36:36+08:00 ] 127.0.0.1 /
INFO: [ app_init ] --START--
INFO: Run Behavior\BuildLiteBehavior [ RunTime:0.000000s ]
INFO: [ app_init ] --END-- [ RunTime:0.001000s ]
INFO: [ app_begin ] --START--
INFO: Run Behavior\ReadHtmlCacheBehavior [ RunTime:0.001000s ]
INFO: [ app_begin ] --END-- [ RunTime:0.001000s ]
NOTIC: [8] Use of undefined constant CURLOPT_IPRESOLVE - assumed 'CURLOPT_IPRESOLVE' E:\www\tp-wechat\vendor\overtrue\wechat\src\Core\Http.php 第 74 行.
NOTIC: [8] Use of undefined constant CURL_IPRESOLVE_V4 - assumed 'CURL_IPRESOLVE_V4' E:\www\tp-wechat\vendor\overtrue\wechat\src\Core\Http.php 第 74 行.
ERR: Invalid request.

[ 2017-08-01T14:36:36+08:00 ] 127.0.0.1 /
INFO: [ app_init ] --START--
INFO: Run Behavior\BuildLiteBehavior [ RunTime:0.000000s ]
INFO: [ app_init ] --END-- [ RunTime:0.001000s ]
INFO: [ app_begin ] --START--
INFO: Run Behavior\ReadHtmlCacheBehavior [ RunTime:0.001001s ]
INFO: [ app_begin ] --END-- [ RunTime:0.001001s ]
NOTIC: [8] Use of undefined constant CURLOPT_IPRESOLVE - assumed 'CURLOPT_IPRESOLVE' E:\www\tp-wechat\vendor\overtrue\wechat\src\Core\Http.php 第 74 行.
NOTIC: [8] Use of undefined constant CURL_IPRESOLVE_V4 - assumed 'CURL_IPRESOLVE_V4' E:\www\tp-wechat\vendor\overtrue\wechat\src\Core\Http.php 第 74 行.
ERR: Invalid request.

[ 2017-08-01T14:36:38+08:00 ] 127.0.0.1 /
INFO: [ app_init ] --START--
INFO: Run Behavior\BuildLiteBehavior [ RunTime:0.000000s ]
INFO: [ app_init ] --END-- [ RunTime:0.001000s ]
INFO: [ app_begin ] --START--
INFO: Run Behavior\ReadHtmlCacheBehavior [ RunTime:0.001000s ]
INFO: [ app_begin ] --END-- [ RunTime:0.001000s ]
NOTIC: [8] Use of undefined constant CURLOPT_IPRESOLVE - assumed 'CURLOPT_IPRESOLVE' E:\www\tp-wechat\vendor\overtrue\wechat\src\Core\Http.php 第 74 行.
NOTIC: [8] Use of undefined constant CURL_IPRESOLVE_V4 - assumed 'CURL_IPRESOLVE_V4' E:\www\tp-wechat\vendor\overtrue\wechat\src\Core\Http.php 第 74 行.
ERR: Invalid request.

[ 2017-08-01T14:36:51+08:00 ] 127.0.0.1 /
INFO: [ app_init ] --START--
INFO: Run Behavior\BuildLiteBehavior [ RunTime:0.000000s ]
INFO: [ app_init ] --END-- [ RunTime:0.001000s ]
INFO: [ app_begin ] --START--
INFO: Run Behavior\ReadHtmlCacheBehavior [ RunTime:0.001000s ]
INFO: [ app_begin ] --END-- [ RunTime:0.001000s ]
NOTIC: [8] Use of undefined constant CURLOPT_IPRESOLVE - assumed 'CURLOPT_IPRESOLVE' E:\www\tp-wechat\vendor\overtrue\wechat\src\Core\Http.php 第 74 行.
NOTIC: [8] Use of undefined constant CURL_IPRESOLVE_V4 - assumed 'CURL_IPRESOLVE_V4' E:\www\tp-wechat\vendor\overtrue\wechat\src\Core\Http.php 第 74 行.
ERR: Invalid request.

[ 2017-08-01T14:36:52+08:00 ] 127.0.0.1 /
INFO: [ app_init ] --START--
INFO: Run Behavior\BuildLiteBehavior [ RunTime:0.000000s ]
INFO: [ app_init ] --END-- [ RunTime:0.001000s ]
INFO: [ app_begin ] --START--
INFO: Run Behavior\ReadHtmlCacheBehavior [ RunTime:0.002000s ]
INFO: [ app_begin ] --END-- [ RunTime:0.002000s ]
NOTIC: [8] Use of undefined constant CURLOPT_IPRESOLVE - assumed 'CURLOPT_IPRESOLVE' E:\www\tp-wechat\vendor\overtrue\wechat\src\Core\Http.php 第 74 行.
NOTIC: [8] Use of undefined constant CURL_IPRESOLVE_V4 - assumed 'CURL_IPRESOLVE_V4' E:\www\tp-wechat\vendor\overtrue\wechat\src\Core\Http.php 第 74 行.
ERR: Invalid request.

[ 2017-08-01T14:36:53+08:00 ] 127.0.0.1 /
INFO: [ app_init ] --START--
INFO: Run Behavior\BuildLiteBehavior [ RunTime:0.000000s ]
INFO: [ app_init ] --END-- [ RunTime:0.001000s ]
INFO: [ app_begin ] --START--
INFO: Run Behavior\ReadHtmlCacheBehavior [ RunTime:0.001000s ]
INFO: [ app_begin ] --END-- [ RunTime:0.001000s ]
NOTIC: [8] Use of undefined constant CURLOPT_IPRESOLVE - assumed 'CURLOPT_IPRESOLVE' E:\www\tp-wechat\vendor\overtrue\wechat\src\Core\Http.php 第 74 行.
NOTIC: [8] Use of undefined constant CURL_IPRESOLVE_V4 - assumed 'CURL_IPRESOLVE_V4' E:\www\tp-wechat\vendor\overtrue\wechat\src\Core\Http.php 第 74 行.
ERR: Invalid request.

[ 2017-08-01T14:38:20+08:00 ] 127.0.0.1 /
INFO: [ app_init ] --START--
INFO: Run Behavior\BuildLiteBehavior [ RunTime:0.000000s ]
INFO: [ app_init ] --END-- [ RunTime:0.002000s ]
INFO: [ app_begin ] --START--
INFO: Run Behavior\ReadHtmlCacheBehavior [ RunTime:0.002000s ]
INFO: [ app_begin ] --END-- [ RunTime:0.002000s ]
NOTIC: [8] Use of undefined constant CURLOPT_IPRESOLVE - assumed 'CURLOPT_IPRESOLVE' E:\www\tp-wechat\vendor\overtrue\wechat\src\Core\Http.php 第 74 行.
NOTIC: [8] Use of undefined constant CURL_IPRESOLVE_V4 - assumed 'CURL_IPRESOLVE_V4' E:\www\tp-wechat\vendor\overtrue\wechat\src\Core\Http.php 第 74 行.
ERR: Invalid request.

[ 2017-08-01T14:42:14+08:00 ] 127.0.0.1 /
INFO: [ app_init ] --START--
INFO: Run Behavior\BuildLiteBehavior [ RunTime:0.000000s ]
INFO: [ app_init ] --END-- [ RunTime:0.001000s ]
INFO: [ app_begin ] --START--
INFO: Run Behavior\ReadHtmlCacheBehavior [ RunTime:0.001000s ]
INFO: [ app_begin ] --END-- [ RunTime:0.001000s ]
ERR: Undefined class constant 'MYSQL_ATTR_INIT_COMMAND'

[ 2017-08-01T14:42:25+08:00 ] 127.0.0.1 /
INFO: [ app_init ] --START--
INFO: Run Behavior\BuildLiteBehavior [ RunTime:0.000000s ]
INFO: [ app_init ] --END-- [ RunTime:0.002000s ]
INFO: [ app_begin ] --START--
INFO: Run Behavior\ReadHtmlCacheBehavior [ RunTime:0.001000s ]
INFO: [ app_begin ] --END-- [ RunTime:0.002001s ]
SQL: SHOW COLUMNS FROM `reply` [ RunTime:0.0020s ]
NOTIC: [8] Undefined variable: message E:\www\tp-wechat\Application\Home\Controller\IndexController.class.php 第 24 行.
NOTIC: [8] Trying to get property of non-object E:\www\tp-wechat\Application\Home\Controller\IndexController.class.php 第 24 行.
ERR: 1064:You have an error in your SQL syntax; check the manual that corresponds to your MySQL server version for the right syntax to use near ') LIMIT 1' at line 1
 [ SQL语句 ] : SELECT * FROM `reply` WHERE ( keywords =  ) LIMIT 1  
ERR: 1064:You have an error in your SQL syntax; check the manual that corresponds to your MySQL server version for the right syntax to use near ') LIMIT 1' at line 1
 [ SQL语句 ] : SELECT * FROM `reply` WHERE ( keywords =  ) LIMIT 1  

[ 2017-08-01T14:42:56+08:00 ] 127.0.0.1 /
INFO: [ app_init ] --START--
INFO: Run Behavior\BuildLiteBehavior [ RunTime:0.001000s ]
INFO: [ app_init ] --END-- [ RunTime:0.002000s ]
INFO: [ app_begin ] --START--
INFO: Run Behavior\ReadHtmlCacheBehavior [ RunTime:0.001000s ]
INFO: [ app_begin ] --END-- [ RunTime:0.003000s ]
SQL: SHOW COLUMNS FROM `reply` [ RunTime:0.0020s ]
SQL: SELECT * FROM `reply` WHERE ( keywords = 'asa' ) LIMIT 1   [ RunTime:0.0010s ]
NOTIC: [8] Trying to get property of non-object E:\www\tp-wechat\Application\Home\Controller\IndexController.class.php 第 25 行.
ERR: Invalid request.

[ 2017-08-01T14:43:19+08:00 ] 127.0.0.1 /
INFO: [ app_init ] --START--
INFO: Run Behavior\BuildLiteBehavior [ RunTime:0.000000s ]
INFO: [ app_init ] --END-- [ RunTime:0.003001s ]
INFO: [ app_begin ] --START--
INFO: Run Behavior\ReadHtmlCacheBehavior [ RunTime:0.004000s ]
INFO: [ app_begin ] --END-- [ RunTime:0.005000s ]
SQL: SHOW COLUMNS FROM `reply` [ RunTime:0.0030s ]
SQL: SELECT * FROM `reply` WHERE ( keywords = 'asa' ) LIMIT 1   [ RunTime:0.0020s ]
NOTIC: [8] Trying to get property of non-object E:\www\tp-wechat\Application\Home\Controller\IndexController.class.php 第 25 行.
ERR: Invalid request.

[ 2017-08-01T14:43:21+08:00 ] 127.0.0.1 /
INFO: [ app_init ] --START--
INFO: Run Behavior\BuildLiteBehavior [ RunTime:0.000000s ]
INFO: [ app_init ] --END-- [ RunTime:0.002000s ]
INFO: [ app_begin ] --START--
INFO: Run Behavior\ReadHtmlCacheBehavior [ RunTime:0.002000s ]
INFO: [ app_begin ] --END-- [ RunTime:0.002000s ]
SQL: SHOW COLUMNS FROM `reply` [ RunTime:0.0020s ]
SQL: SELECT * FROM `reply` WHERE ( keywords = 'asa' ) LIMIT 1   [ RunTime:0.0000s ]
NOTIC: [8] Trying to get property of non-object E:\www\tp-wechat\Application\Home\Controller\IndexController.class.php 第 25 行.
ERR: Invalid request.

[ 2017-08-01T14:43:39+08:00 ] 127.0.0.1 /
INFO: [ app_init ] --START--
INFO: Run Behavior\BuildLiteBehavior [ RunTime:0.000000s ]
INFO: [ app_init ] --END-- [ RunTime:0.003001s ]
INFO: [ app_begin ] --START--
INFO: Run Behavior\ReadHtmlCacheBehavior [ RunTime:0.004000s ]
INFO: [ app_begin ] --END-- [ RunTime:0.005000s ]
SQL: SHOW COLUMNS FROM `reply` [ RunTime:0.0030s ]
SQL: SELECT * FROM `reply` WHERE ( keywords = 'asa' ) LIMIT 1   [ RunTime:0.0010s ]
ERR: Invalid request.

[ 2017-08-01T14:43:48+08:00 ] 127.0.0.1 /
INFO: [ app_init ] --START--
INFO: Run Behavior\BuildLiteBehavior [ RunTime:0.000000s ]
INFO: [ app_init ] --END-- [ RunTime:0.004001s ]
INFO: [ app_begin ] --START--
INFO: Run Behavior\ReadHtmlCacheBehavior [ RunTime:0.005000s ]
INFO: [ app_begin ] --END-- [ RunTime:0.006000s ]
SQL: SHOW COLUMNS FROM `reply` [ RunTime:0.0010s ]
SQL: SELECT * FROM `reply` WHERE ( keywords = 'asa' ) LIMIT 1   [ RunTime:0.0010s ]
ERR: Invalid request.

[ 2017-08-01T14:45:14+08:00 ] 127.0.0.1 /
INFO: [ app_init ] --START--
INFO: Run Behavior\BuildLiteBehavior [ RunTime:0.000000s ]
INFO: [ app_init ] --END-- [ RunTime:0.014001s ]
INFO: [ app_begin ] --START--
INFO: Run Behavior\ReadHtmlCacheBehavior [ RunTime:0.003000s ]
INFO: [ app_begin ] --END-- [ RunTime:0.003000s ]
ERR: Invalid request.

[ 2017-08-01T14:59:51+08:00 ] 127.0.0.1 /
INFO: [ app_init ] --START--
INFO: Run Behavior\BuildLiteBehavior [ RunTime:0.000000s ]
INFO: [ app_init ] --END-- [ RunTime:0.002001s ]
INFO: [ app_begin ] --START--
INFO: Run Behavior\ReadHtmlCacheBehavior [ RunTime:0.002000s ]
INFO: [ app_begin ] --END-- [ RunTime:0.003000s ]
ERR: Invalid request.

[ 2017-08-01T15:02:35+08:00 ] 127.0.0.1 /
INFO: [ app_init ] --START--
INFO: Run Behavior\BuildLiteBehavior [ RunTime:0.000000s ]
INFO: [ app_init ] --END-- [ RunTime:0.001001s ]
INFO: [ app_begin ] --START--
INFO: Run Behavior\ReadHtmlCacheBehavior [ RunTime:0.001000s ]
INFO: [ app_begin ] --END-- [ RunTime:0.002000s ]
ERR: Invalid request.

[ 2017-08-01T15:02:36+08:00 ] 127.0.0.1 /
INFO: [ app_init ] --START--
INFO: Run Behavior\BuildLiteBehavior [ RunTime:0.000000s ]
INFO: [ app_init ] --END-- [ RunTime:0.002000s ]
INFO: [ app_begin ] --START--
INFO: Run Behavior\ReadHtmlCacheBehavior [ RunTime:0.002000s ]
INFO: [ app_begin ] --END-- [ RunTime:0.003000s ]
ERR: Invalid request.

[ 2017-08-01T15:02:43+08:00 ] 127.0.0.1 /
INFO: [ app_init ] --START--
INFO: Run Behavior\BuildLiteBehavior [ RunTime:0.000000s ]
INFO: [ app_init ] --END-- [ RunTime:0.003000s ]
INFO: [ app_begin ] --START--
INFO: Run Behavior\ReadHtmlCacheBehavior [ RunTime:0.002000s ]
INFO: [ app_begin ] --END-- [ RunTime:0.003000s ]
ERR: Invalid request.

[ 2017-08-01T15:09:06+08:00 ] 127.0.0.1 /index.php?c=Index&a=server
INFO: [ app_init ] --START--
INFO: Run Behavior\BuildLiteBehavior [ RunTime:0.000000s ]
INFO: [ app_init ] --END-- [ RunTime:0.001000s ]
INFO: [ app_begin ] --START--
INFO: Run Behavior\ReadHtmlCacheBehavior [ RunTime:0.001000s ]
INFO: [ app_begin ] --END-- [ RunTime:0.001000s ]
ERR: Invalid request.

